<?xml version="1.0" encoding="UTF-8"?>
<testsuite xmlns:xsi="http://www.w3.org/2001/XMLSchema-instance" xsi:noNamespaceSchemaLocation="https://maven.apache.org/surefire/maven-surefire-plugin/xsd/surefire-test-report-3.0.xsd" version="3.0" name="br.ce.wcaquino.servicos.CalculadoraMockTest" time="0.369" tests="2" errors="0" skipped="0" failures="0">
  <properties>
    <property name="sun.desktop" value="windows"/>
    <property name="awt.toolkit" value="sun.awt.windows.WToolkit"/>
    <property name="java.specification.version" value="11"/>
    <property name="sun.cpu.isalist" value="amd64"/>
    <property name="sun.jnu.encoding" value="Cp1252"/>
    <property name="java.class.path" value="D:\GitHub\TestesUnitariosEmJAVA-Domine-JUnit-Mockito-e-TDD\TestesUnitarios\target\test-classes;D:\GitHub\TestesUnitariosEmJAVA-Domine-JUnit-Mockito-e-TDD\TestesUnitarios\target\classes;C:\Users\User\.m2\repository\org\projectlombok\lombok\1.18.26\lombok-1.18.26.jar;C:\Users\User\.m2\repository\junit\junit\4.13.2\junit-4.13.2.jar;C:\Users\User\.m2\repository\org\hamcrest\hamcrest-core\1.3\hamcrest-core-1.3.jar;C:\Users\User\.m2\repository\org\mockito\mockito-all\1.10.19\mockito-all-1.10.19.jar;C:\Users\User\.m2\repository\org\powermock\powermock-api-mockito\1.6.6\powermock-api-mockito-1.6.6.jar;C:\Users\User\.m2\repository\org\mockito\mockito-core\1.10.19\mockito-core-1.10.19.jar;C:\Users\User\.m2\repository\org\objenesis\objenesis\2.1\objenesis-2.1.jar;C:\Users\User\.m2\repository\org\powermock\powermock-api-mockito-common\1.6.6\powermock-api-mockito-common-1.6.6.jar;C:\Users\User\.m2\repository\org\powermock\powermock-api-support\1.6.6\powermock-api-support-1.6.6.jar;C:\Users\User\.m2\repository\org\powermock\powermock-module-junit4\1.6.6\powermock-module-junit4-1.6.6.jar;C:\Users\User\.m2\repository\org\powermock\powermock-module-junit4-common\1.6.6\powermock-module-junit4-common-1.6.6.jar;C:\Users\User\.m2\repository\org\powermock\powermock-core\1.6.6\powermock-core-1.6.6.jar;C:\Users\User\.m2\repository\org\javassist\javassist\3.21.0-GA\javassist-3.21.0-GA.jar;C:\Users\User\.m2\repository\org\powermock\powermock-reflect\1.6.6\powermock-reflect-1.6.6.jar;"/>
    <property name="java.vm.vendor" value="AdoptOpenJDK"/>
    <property name="sun.arch.data.model" value="64"/>
    <property name="user.variant" value=""/>
    <property name="java.vendor.url" value="https://adoptopenjdk.net/"/>
    <property name="user.timezone" value="America/Sao_Paulo"/>
    <property name="java.vm.specification.version" value="11"/>
    <property name="os.name" value="Windows 10"/>
    <property name="sun.java.launcher" value="SUN_STANDARD"/>
    <property name="user.country" value="BR"/>
    <property name="sun.boot.library.path" value="C:\Program Files\AdoptOpenJDK\jdk-11.0.10.9-hotspot\bin"/>
    <property name="sun.java.command" value="C:\Users\User\AppData\Local\Temp\surefire8050010629347836243\surefirebooter-20230701115624256_3.jar C:\Users\User\AppData\Local\Temp\surefire8050010629347836243 2023-07-01T11-56-23_847-jvmRun1 surefire-20230701115624256_1tmp surefire_0-20230701115624256_2tmp"/>
    <property name="jdk.debug" value="release"/>
    <property name="surefire.test.class.path" value="D:\GitHub\TestesUnitariosEmJAVA-Domine-JUnit-Mockito-e-TDD\TestesUnitarios\target\test-classes;D:\GitHub\TestesUnitariosEmJAVA-Domine-JUnit-Mockito-e-TDD\TestesUnitarios\target\classes;C:\Users\User\.m2\repository\org\projectlombok\lombok\1.18.26\lombok-1.18.26.jar;C:\Users\User\.m2\repository\junit\junit\4.13.2\junit-4.13.2.jar;C:\Users\User\.m2\repository\org\hamcrest\hamcrest-core\1.3\hamcrest-core-1.3.jar;C:\Users\User\.m2\repository\org\mockito\mockito-all\1.10.19\mockito-all-1.10.19.jar;C:\Users\User\.m2\repository\org\powermock\powermock-api-mockito\1.6.6\powermock-api-mockito-1.6.6.jar;C:\Users\User\.m2\repository\org\mockito\mockito-core\1.10.19\mockito-core-1.10.19.jar;C:\Users\User\.m2\repository\org\objenesis\objenesis\2.1\objenesis-2.1.jar;C:\Users\User\.m2\repository\org\powermock\powermock-api-mockito-common\1.6.6\powermock-api-mockito-common-1.6.6.jar;C:\Users\User\.m2\repository\org\powermock\powermock-api-support\1.6.6\powermock-api-support-1.6.6.jar;C:\Users\User\.m2\repository\org\powermock\powermock-module-junit4\1.6.6\powermock-module-junit4-1.6.6.jar;C:\Users\User\.m2\repository\org\powermock\powermock-module-junit4-common\1.6.6\powermock-module-junit4-common-1.6.6.jar;C:\Users\User\.m2\repository\org\powermock\powermock-core\1.6.6\powermock-core-1.6.6.jar;C:\Users\User\.m2\repository\org\javassist\javassist\3.21.0-GA\javassist-3.21.0-GA.jar;C:\Users\User\.m2\repository\org\powermock\powermock-reflect\1.6.6\powermock-reflect-1.6.6.jar;"/>
    <property name="sun.cpu.endian" value="little"/>
    <property name="user.home" value="C:\Users\User"/>
    <property name="user.language" value="pt"/>
    <property name="java.specification.vendor" value="Oracle Corporation"/>
    <property name="java.version.date" value="2021-01-19"/>
    <property name="java.home" value="C:\Program Files\AdoptOpenJDK\jdk-11.0.10.9-hotspot"/>
    <property name="file.separator" value="\"/>
    <property name="basedir" value="D:\GitHub\TestesUnitariosEmJAVA-Domine-JUnit-Mockito-e-TDD\TestesUnitarios"/>
    <property name="java.vm.compressedOopsMode" value="Zero based"/>
    <property name="line.separator" value="&#10;"/>
    <property name="java.specification.name" value="Java Platform API Specification"/>
    <property name="java.vm.specification.vendor" value="Oracle Corporation"/>
    <property name="java.awt.graphicsenv" value="sun.awt.Win32GraphicsEnvironment"/>
    <property name="surefire.real.class.path" value="C:\Users\User\AppData\Local\Temp\surefire8050010629347836243\surefirebooter-20230701115624256_3.jar"/>
    <property name="user.script" value=""/>
    <property name="sun.management.compiler" value="HotSpot 64-Bit Tiered Compilers"/>
    <property name="java.runtime.version" value="11.0.10+9"/>
    <property name="user.name" value="User"/>
    <property name="path.separator" value=";"/>
    <property name="os.version" value="10.0"/>
    <property name="java.runtime.name" value="OpenJDK Runtime Environment"/>
    <property name="file.encoding" value="Cp1252"/>
    <property name="java.vm.name" value="OpenJDK 64-Bit Server VM"/>
    <property name="java.vendor.version" value="AdoptOpenJDK"/>
    <property name="localRepository" value="C:\Users\User\.m2\repository"/>
    <property name="java.vendor.url.bug" value="https://github.com/AdoptOpenJDK/openjdk-support/issues"/>
    <property name="java.io.tmpdir" value="C:\Users\User\AppData\Local\Temp\"/>
    <property name="idea.version" value="2023.1.3"/>
    <property name="java.version" value="11.0.10"/>
    <property name="user.dir" value="D:\GitHub\TestesUnitariosEmJAVA-Domine-JUnit-Mockito-e-TDD\TestesUnitarios"/>
    <property name="os.arch" value="amd64"/>
    <property name="java.vm.specification.name" value="Java Virtual Machine Specification"/>
    <property name="java.awt.printerjob" value="sun.awt.windows.WPrinterJob"/>
    <property name="sun.os.patch.level" value=""/>
    <property name="java.library.path" value="C:\Program Files\AdoptOpenJDK\jdk-11.0.10.9-hotspot\bin;C:\WINDOWS\Sun\Java\bin;C:\WINDOWS\system32;C:\WINDOWS;C:\Program Files\AdoptOpenJDK\jdk-11.0.10.9-hotspot\bin;C:\Program Files\Common Files\Oracle\Java\javapath;C:\Python39\Scripts\;C:\Python39\;C:\Program Files\Python\Python38\Scripts\;C:\Program Files\Python\Python38\;C:\Users\User\AppData\Local\Programs\Python\Python38\Scripts\;C:\Users\User\AppData\Local\Programs\Python\Python38\;C:\WINDOWS\system32;C:\WINDOWS;C:\WINDOWS\System32\Wbem;C:\WINDOWS\System32\WindowsPowerShell\v1.0\;C:\WINDOWS\System32\OpenSSH\;C:\Program Files\Java\jre1.8.0_291;C:\Program Files (x86)\poppler-0.68.0\bin;C:\ProgramData\chocolatey\bin;C:\Program Files\Git\cmd;C:\Program Files\dotnet\;C:\Program Files\MongoDB\Server\4.4\bin;C:\Program Files (x86)\Tesseract-OCR;C:\Program Files\Java\jdk-18.0.2\bin;C:\apache-maven-3.8.4\bin;;C:\Program Files\Amazon\AWSCLIV2\;C:\Program Files\PuTTY\;C:\Program Files\nodejs\;C:\Program Files\Docker\Docker\resources\bin;C:\Users\User\AppData\Local\Programs\Python\Python311\Scripts\;C:\Users\User\AppData\Local\Programs\Python\Python311\;C:\Users\User\AppData\Local\Microsoft\WindowsApps;C:\Users\User\AppData\Local\GitHubDesktop\bin;C:\Program Files\JetBrains\PyCharm Community Edition 2020.1.1\bin;C:\Users\User\AppData\Local\Microsoft\WindowsApps;C:\Users\User\AppData\Local\atom\bin;C:\Users\User\.dotnet\tools;C:\Users\User\AppData\Local\Programs\Microsoft VS Code\bin;C:\Program Files\JetBrains\IntelliJ IDEA Community Edition 2021.3.3\bin;;C:\Program Files\heroku\bin;C:\Users\User\AppData\Roaming\npm;C:\ffmpeg\bin;;."/>
    <property name="java.vm.info" value="mixed mode"/>
    <property name="java.vendor" value="AdoptOpenJDK"/>
    <property name="java.vm.version" value="11.0.10+9"/>
    <property name="sun.io.unicode.encoding" value="UnicodeLittle"/>
    <property name="java.class.version" value="55.0"/>
  </properties>
  <testcase name="devoMostrarDiferencaEntreMockSpy" classname="br.ce.wcaquino.servicos.CalculadoraMockTest" time="0.369">
    <system-out><![CDATA[Mock:0
Spy:4
Mock
Spy
]]></system-out>
  </testcase>
  <testcase name="teste" classname="br.ce.wcaquino.servicos.CalculadoraMockTest" time="0.224"/>
</testsuite>